#-----------------------------------------------------------
# Vivado v2017.4 (64-bit)
# SW Build 2086221 on Fri Dec 15 20:55:39 MST 2017
# IP Build 2085800 on Fri Dec 15 22:25:07 MST 2017
# Start of session at: Sun Feb 18 13:43:22 2018
# Process ID: 12592
# Current directory: C:/Users/Shreshth Tuli/Desktop/COL216 Labs/ARM CPU based Computer
# Command line: vivado.exe -gui_launcher_event rodinguilauncherevent5704 C:\Users\Shreshth Tuli\Desktop\COL216 Labs\ARM CPU based Computer\ARM CPU based Computer.xpr
# Log file: C:/Users/Shreshth Tuli/Desktop/COL216 Labs/ARM CPU based Computer/vivado.log
# Journal file: C:/Users/Shreshth Tuli/Desktop/COL216 Labs/ARM CPU based Computer\vivado.jou
#-----------------------------------------------------------
start_gui
open_project {C:/Users/Shreshth Tuli/Desktop/COL216 Labs/ARM CPU based Computer/ARM CPU based Computer.xpr}
Scanning sources...
Finished scanning sources
INFO: [IP_Flow 19-234] Refreshing IP repositories
INFO: [IP_Flow 19-1704] No user IP repositories specified
INFO: [IP_Flow 19-2313] Loaded Vivado IP repository 'C:/Xilinx/Vivado/2017.4/data/ip'.
open_project: Time (s): cpu = 00:00:13 ; elapsed = 00:00:08 . Memory (MB): peak = 793.457 ; gain = 97.430
update_compile_order -fileset sources_1
exit
INFO: [Common 17-206] Exiting Vivado at Sun Feb 18 14:15:47 2018...
